<?xml version="1.0" encoding="UTF-8"?>
<testng-results ignored="0" total="3" passed="3" failed="0" skipped="0">
  <reporter-output>
  </reporter-output>
  <suite started-at="2019-08-28T19:36:55 IST" name="DemoQaWebsite (2)" finished-at="2019-08-28T19:38:11 IST" duration-ms="75659">
    <groups>
    </groups>
    <test started-at="2019-08-28T19:36:55 IST" name="The Demo_QA TestScripts" finished-at="2019-08-28T19:38:11 IST" duration-ms="75659">
      <class name="com.atmecs.demoqawebsite.testscripts.ValidateColorAndSortTest">
        <test-method is-config="true" signature="preSetup()[pri:0, instance:com.atmecs.demoqawebsite.testscripts.ValidateColorAndSortTest@2a4fb17b]" started-at="2019-08-28T19:36:55 IST" name="preSetup" finished-at="2019-08-28T19:38:03 IST" duration-ms="67777" status="PASS">
          <reporter-output>
          </reporter-output>
        </test-method> <!-- preSetup -->
        <test-method signature="sorting()[pri:0, instance:com.atmecs.demoqawebsite.testscripts.ValidateColorAndSortTest@2a4fb17b]" started-at="2019-08-28T19:38:03 IST" name="sorting" finished-at="2019-08-28T19:38:11 IST" duration-ms="7727" status="PASS">
          <reporter-output>
          </reporter-output>
        </test-method> <!-- sorting -->
        <test-method is-config="true" signature="tearDown()[pri:0, instance:com.atmecs.demoqawebsite.testscripts.ValidateColorAndSortTest@2a4fb17b]" started-at="2019-08-28T19:38:11 IST" name="tearDown" finished-at="2019-08-28T19:38:11 IST" duration-ms="142" status="PASS">
          <reporter-output>
          </reporter-output>
        </test-method> <!-- tearDown -->
      </class> <!-- com.atmecs.demoqawebsite.testscripts.ValidateColorAndSortTest -->
    </test> <!-- The Demo_QA TestScripts -->
  </suite> <!-- DemoQaWebsite (2) -->
  <suite started-at="2019-08-28T19:35:39 IST" name="DemoQaWebsite (0)" finished-at="2019-08-28T19:35:39 IST" duration-ms="62">
    <groups>
    </groups>
    <test started-at="2019-08-28T19:35:39 IST" name="The Demo_QA TestScripts" finished-at="2019-08-28T19:35:39 IST" duration-ms="62">
      <class name="com.atmecs.demoqawebsite.testscripts.Hello">
        <test-method signature="hello()[pri:0, instance:com.atmecs.demoqawebsite.testscripts.Hello@4fe767f3]" started-at="2019-08-28T19:35:39 IST" name="hello" finished-at="2019-08-28T19:35:39 IST" duration-ms="15" status="PASS">
          <reporter-output>
          </reporter-output>
        </test-method> <!-- hello -->
      </class> <!-- com.atmecs.demoqawebsite.testscripts.Hello -->
    </test> <!-- The Demo_QA TestScripts -->
  </suite> <!-- DemoQaWebsite (0) -->
  <suite started-at="2019-08-28T19:35:39 IST" name="DemoQaWebsite (1)" finished-at="2019-08-28T19:36:55 IST" duration-ms="75598">
    <groups>
    </groups>
    <test started-at="2019-08-28T19:35:39 IST" name="The Demo_QA TestScripts" finished-at="2019-08-28T19:36:55 IST" duration-ms="75598">
      <class name="com.atmecs.demoqawebsite.testscripts.ValidateByColorFilter">
        <test-method is-config="true" signature="preSetup()[pri:0, instance:com.atmecs.demoqawebsite.testscripts.ValidateByColorFilter@4c371370]" started-at="2019-08-28T19:35:39 IST" name="preSetup" finished-at="2019-08-28T19:36:48 IST" duration-ms="68772" status="PASS">
          <reporter-output>
          </reporter-output>
        </test-method> <!-- preSetup -->
        <test-method signature="NavigateToUrl()[pri:0, instance:com.atmecs.demoqawebsite.testscripts.ValidateByColorFilter@4c371370]" started-at="2019-08-28T19:36:48 IST" name="NavigateToUrl" finished-at="2019-08-28T19:36:55 IST" duration-ms="6633" status="PASS">
          <reporter-output>
          </reporter-output>
        </test-method> <!-- NavigateToUrl -->
        <test-method is-config="true" signature="tearDown()[pri:0, instance:com.atmecs.demoqawebsite.testscripts.ValidateByColorFilter@4c371370]" started-at="2019-08-28T19:36:55 IST" name="tearDown" finished-at="2019-08-28T19:36:55 IST" duration-ms="187" status="PASS">
          <reporter-output>
          </reporter-output>
        </test-method> <!-- tearDown -->
      </class> <!-- com.atmecs.demoqawebsite.testscripts.ValidateByColorFilter -->
    </test> <!-- The Demo_QA TestScripts -->
  </suite> <!-- DemoQaWebsite (1) -->
  <suite started-at="2019-08-28T19:38:11 IST" name="DemoQaWebsite" finished-at="2019-08-28T19:38:11 IST" duration-ms="0">
    <groups>
    </groups>
  </suite> <!-- DemoQaWebsite -->
</testng-results>
