<?xml version="1.0" encoding="UTF-8"?>
<testng-results ignored="0" total="3" passed="3" failed="0" skipped="0">
  <reporter-output>
  </reporter-output>
  <suite started-at="2019-08-28T14:10:31Z" name="DemoQaWebsite (2)" finished-at="2019-08-28T14:11:46Z" duration-ms="75810">
    <groups>
    </groups>
    <test started-at="2019-08-28T14:10:31Z" name="The Demo_QA TestScripts" finished-at="2019-08-28T14:11:46Z" duration-ms="75810">
      <class name="com.atmecs.demoqawebsite.testscripts.ValidateColorAndSortTest">
        <test-method is-config="true" signature="preSetup()[pri:0, instance:com.atmecs.demoqawebsite.testscripts.ValidateColorAndSortTest@7fc229ab]" started-at="2019-08-28T14:10:31Z" name="preSetup" finished-at="2019-08-28T14:11:38Z" duration-ms="67499" status="PASS">
          <reporter-output>
          </reporter-output>
        </test-method> <!-- preSetup -->
        <test-method signature="sorting()[pri:0, instance:com.atmecs.demoqawebsite.testscripts.ValidateColorAndSortTest@7fc229ab]" started-at="2019-08-28T14:11:38Z" name="sorting" finished-at="2019-08-28T14:11:46Z" duration-ms="8161" status="PASS">
          <reporter-output>
          </reporter-output>
        </test-method> <!-- sorting -->
        <test-method is-config="true" signature="tearDown()[pri:0, instance:com.atmecs.demoqawebsite.testscripts.ValidateColorAndSortTest@7fc229ab]" started-at="2019-08-28T14:11:46Z" name="tearDown" finished-at="2019-08-28T14:11:46Z" duration-ms="148" status="PASS">
          <reporter-output>
          </reporter-output>
        </test-method> <!-- tearDown -->
      </class> <!-- com.atmecs.demoqawebsite.testscripts.ValidateColorAndSortTest -->
    </test> <!-- The Demo_QA TestScripts -->
  </suite> <!-- DemoQaWebsite (2) -->
  <suite started-at="2019-08-28T14:09:17Z" name="DemoQaWebsite (0)" finished-at="2019-08-28T14:09:17Z" duration-ms="32">
    <groups>
    </groups>
    <test started-at="2019-08-28T14:09:17Z" name="The Demo_QA TestScripts" finished-at="2019-08-28T14:09:17Z" duration-ms="32">
      <class name="com.atmecs.demoqawebsite.testscripts.Hello">
        <test-method signature="hello()[pri:0, instance:com.atmecs.demoqawebsite.testscripts.Hello@4fb64261]" started-at="2019-08-28T14:09:17Z" name="hello" finished-at="2019-08-28T14:09:17Z" duration-ms="16" status="PASS">
          <reporter-output>
          </reporter-output>
        </test-method> <!-- hello -->
      </class> <!-- com.atmecs.demoqawebsite.testscripts.Hello -->
    </test> <!-- The Demo_QA TestScripts -->
  </suite> <!-- DemoQaWebsite (0) -->
  <suite started-at="2019-08-28T14:09:17Z" name="DemoQaWebsite (1)" finished-at="2019-08-28T14:10:31Z" duration-ms="73827">
    <groups>
    </groups>
    <test started-at="2019-08-28T14:09:17Z" name="The Demo_QA TestScripts" finished-at="2019-08-28T14:10:31Z" duration-ms="73827">
      <class name="com.atmecs.demoqawebsite.testscripts.ValidateByColorFilter">
        <test-method is-config="true" signature="preSetup()[pri:0, instance:com.atmecs.demoqawebsite.testscripts.ValidateByColorFilter@69930714]" started-at="2019-08-28T14:09:17Z" name="preSetup" finished-at="2019-08-28T14:10:24Z" duration-ms="67598" status="PASS">
          <reporter-output>
          </reporter-output>
        </test-method> <!-- preSetup -->
        <test-method signature="NavigateToUrl()[pri:0, instance:com.atmecs.demoqawebsite.testscripts.ValidateByColorFilter@69930714]" started-at="2019-08-28T14:10:24Z" name="NavigateToUrl" finished-at="2019-08-28T14:10:30Z" duration-ms="6072" status="PASS">
          <reporter-output>
          </reporter-output>
        </test-method> <!-- NavigateToUrl -->
        <test-method is-config="true" signature="tearDown()[pri:0, instance:com.atmecs.demoqawebsite.testscripts.ValidateByColorFilter@69930714]" started-at="2019-08-28T14:10:30Z" name="tearDown" finished-at="2019-08-28T14:10:31Z" duration-ms="155" status="PASS">
          <reporter-output>
          </reporter-output>
        </test-method> <!-- tearDown -->
      </class> <!-- com.atmecs.demoqawebsite.testscripts.ValidateByColorFilter -->
    </test> <!-- The Demo_QA TestScripts -->
  </suite> <!-- DemoQaWebsite (1) -->
  <suite started-at="2019-08-28T14:11:47Z" name="DemoQaWebsite" finished-at="2019-08-28T14:11:47Z" duration-ms="0">
    <groups>
    </groups>
  </suite> <!-- DemoQaWebsite -->
</testng-results>
